<?xml version="1.0" encoding="UTF-8"?>
<testsuite xmlns:xsi="http://www.w3.org/2001/XMLSchema-instance" xsi:noNamespaceSchemaLocation="https://maven.apache.org/surefire/maven-surefire-plugin/xsd/surefire-test-report-3.0.xsd" version="3.0" name="br.com.bogan.error.CircularDependencyTest" time="0.053" tests="1" errors="0" skipped="0" failures="1">
  <properties>
[...]
</properties>
  <testcase name="detectsCircularDependency" classname="br.com.bogan.error.CircularDependencyTest" time="0.03">
    <failure message="Unexpected exception type thrown, expected: &lt;br.com.bogan.error.CreationException&gt; but was: &lt;java.lang.IllegalStateException&gt;" type="org.opentest4j.AssertionFailedError"><![CDATA[org.opentest4j.AssertionFailedError: Unexpected exception type thrown, expected: <br.com.bogan.error.CreationException> but was: <java.lang.IllegalStateException>
	at org.junit.jupiter.api.AssertionFailureBuilder.build(AssertionFailureBuilder.java:151)
	at org.junit.jupiter.api.AssertThrows.assertThrows(AssertThrows.java:67)
	at org.junit.jupiter.api.AssertThrows.assertThrows(AssertThrows.java:35)
	at org.junit.jupiter.api.Assertions.assertThrows(Assertions.java:3115)
	at br.com.bogan.error.CircularDependencyTest.detectsCircularDependency(CircularDependencyTest.java:28)
	at java.base/java.lang.reflect.Method.invoke(Method.java:580)
	at java.base/java.util.ArrayList.forEach(ArrayList.java:1596)
	at java.base/java.util.ArrayList.forEach(ArrayList.java:1596)
Caused by: java.lang.IllegalStateException: Recursive update
	at java.base/java.util.concurrent.ConcurrentHashMap.computeIfAbsent(ConcurrentHashMap.java:1763)
	at br.com.bogan.scope.SingletonScope.getOrCreate(SingletonScope.java:13)
	at br.com.bogan.factory.ComponentFactory.getByDefinition(ComponentFactory.java:71)
	at br.com.bogan.factory.ComponentFactory.getComponent(ComponentFactory.java:64)
	at br.com.bogan.resolve.ReflectiveDependencyResolver.resolveConstructorArgs(ReflectiveDependencyResolver.java:25)
	at br.com.bogan.factory.ComponentFactory.create(ComponentFactory.java:78)
	at br.com.bogan.factory.ComponentFactory.lambda$getByDefinition$2(ComponentFactory.java:71)
	at br.com.bogan.scope.SingletonScope.lambda$getOrCreate$0(SingletonScope.java:13)
	at java.base/java.util.concurrent.ConcurrentHashMap.computeIfAbsent(ConcurrentHashMap.java:1708)
	at br.com.bogan.scope.SingletonScope.getOrCreate(SingletonScope.java:13)
	at br.com.bogan.factory.ComponentFactory.getByDefinition(ComponentFactory.java:71)
	at br.com.bogan.factory.ComponentFactory.getComponent(ComponentFactory.java:64)
	at br.com.bogan.resolve.ReflectiveDependencyResolver.resolveConstructorArgs(ReflectiveDependencyResolver.java:25)
	at br.com.bogan.factory.ComponentFactory.create(ComponentFactory.java:78)
	at br.com.bogan.factory.ComponentFactory.lambda$getByDefinition$2(ComponentFactory.java:71)
	at br.com.bogan.scope.SingletonScope.lambda$getOrCreate$0(SingletonScope.java:13)
	at java.base/java.util.concurrent.ConcurrentHashMap.computeIfAbsent(ConcurrentHashMap.java:1708)
	at br.com.bogan.scope.SingletonScope.getOrCreate(SingletonScope.java:13)
	at br.com.bogan.factory.ComponentFactory.getByDefinition(ComponentFactory.java:71)
	at br.com.bogan.factory.ComponentFactory.getComponent(ComponentFactory.java:46)
	at br.com.bogan.error.CircularDependencyTest.lambda$detectsCircularDependency$0(CircularDependencyTest.java:28)
	at org.junit.jupiter.api.AssertThrows.assertThrows(AssertThrows.java:53)
	... 6 more
]]></failure>
  </testcase>
</testsuite>